At line:3 char:2
+ 1) Output MUST validate against the provided JSON Schema.
+  ~
Unexpected token ')' in expression or statement.
At line:4 char:2
+ 2) Include concrete acceptance criteria, explicit quality gates with  ...
+  ~
Unexpected token ')' in expression or statement.
At line:5 char:2
+ 3) Do not include markdown.
+  ~
Unexpected token ')' in expression or statement.
At line:5 char:6
+ 3) Do not include markdown.
+      ~
Missing statement body in do loop.
At line:9 char:15
+   "request_id": "REQ-2026-001",
+               ~
Unexpected token ':' in expression or statement.
At line:13 char:17
+     "background": "Current system uses basic authentication which doe ...
+                 ~
Unexpected token ':' in expression or statement.
At line:19 char:6
+     ],
+      ~
Missing argument in parameter list.
At line:25 char:6
+     ],
+      ~
Missing argument in parameter list.
    + CategoryInfo          : ParserError: (:) [], ParentContainsErrorRecordException
    + FullyQualifiedErrorId : UnexpectedToken
 
